#
# A fatal error has been detected by the Java Runtime Environment:
#
#  EXCEPTION_ACCESS_VIOLATION (0xc0000005) at pc=0x50da1ed7, pid=8300, tid=3700
#
# JRE version: Java(TM) SE Runtime Environment (7.0_51-b13) (build 1.7.0_51-b13)
# Java VM: Java HotSpot(TM) Client VM (24.51-b03 mixed mode, sharing windows-x86 )
# Problematic frame:
# C  [msvcr100.dll+0x1ed7]
#
# Failed to write core dump. Minidumps are not enabled by default on client versions of Windows
#
# If you would like to submit a bug report, please visit:
#   http://bugreport.sun.com/bugreport/crash.jsp
#

---------------  T H R E A D  ---------------

Current thread (0x00f1c000):  JavaThread "main" [_thread_in_vm, id=3700, stack(0x00e90000,0x00ee0000)]

siginfo: ExceptionCode=0xc0000005, reading address 0x0241d000

Registers:
EAX=0x0242fc10, EBX=0x0241c390, ECX=0x00004b04, EDX=0x00000000
ESP=0x00edf83c, EBP=0x00edf844, ESI=0x0241d000, EDI=0x24401b78
EIP=0x50da1ed7, EFLAGS=0x00010216

Top of Stack: (sp=0x00edf83c)
0x00edf83c:   00f1c000 00000000 00edf864 50687929
0x00edf84c:   24400f08 0241c390 00013880 00edf954
0x00edf85c:   3439d340 00edf87c 00edf954 521b2962
0x00edf86c:   00f1c130 00edfb00 0241c390 00000000
0x00edf87c:   00edfa98 0242fc18 3439d340 cccccccc
0x00edf88c:   cccccccc cccccccc cccccccc cccccccc
0x00edf89c:   cccccccc cccccccc cccccccc cccccccc
0x00edf8ac:   cccccccc cccccccc cccccccc cccccccc 

Instructions: (pc=0x50da1ed7)
0x50da1eb7:   e6 0f 3b fe 5e 5f 75 05 e9 35 eb 00 00 f7 c7 03
0x50da1ec7:   00 00 00 75 14 c1 e9 02 83 e2 03 83 f9 08 72 29
0x50da1ed7:   f3 a5 ff 24 95 f0 1f da 50 8b c7 ba 03 00 00 00
0x50da1ee7:   83 e9 04 72 0c 83 e0 03 03 c8 ff 24 85 04 1f da 


Register to memory mapping:

EAX=0x0242fc10 is an unknown value
EBX=0x0241c390 is an unknown value
ECX=0x00004b04 is an unknown value
EDX=0x00000000 is an unknown value
ESP=0x00edf83c is pointing into the stack for thread: 0x00f1c000
EBP=0x00edf844 is pointing into the stack for thread: 0x00f1c000
ESI=0x0241d000 is an unknown value
EDI=
[error occurred during error reporting (printing register info), id 0xc0000005]

Stack: [0x00e90000,0x00ee0000],  sp=0x00edf83c,  free space=318k
Native frames: (J=compiled Java code, j=interpreted, Vv=VM code, C=native code)
C  [msvcr100.dll+0x1ed7]
V  [jvm.dll+0xc7929]
C  [Uebung2.dll+0x12962]  JNIEnv_::ReleaseDoubleArrayElements+0x42
C  [Uebung2.dll+0x14717]  Java_Matrix_powerC+0x167
j  Matrix.powerC([D[D[DII)V+0
j  Matrix.powerNative(I)LMatrix;+47
j  Matrix.testPower()V+27
j  Matrix.main([Ljava/lang/String;)V+0
v  ~StubRoutines::call_stub
V  [jvm.dll+0x13f35a]
V  [jvm.dll+0x202c6e]
V  [jvm.dll+0x13f3dd]
V  [jvm.dll+0xc9945]
V  [jvm.dll+0xd45e7]
C  [javaw.exe+0x2070]
C  [javaw.exe+0xa5b1]
C  [javaw.exe+0xa63b]
C  [KERNEL32.DLL+0x1495d]
C  [ntdll.dll+0x498ee]
C  [ntdll.dll+0x498c4]

Java frames: (J=compiled Java code, j=interpreted, Vv=VM code)
j  Matrix.powerC([D[D[DII)V+0
j  Matrix.powerNative(I)LMatrix;+47
j  Matrix.testPower()V+27
j  Matrix.main([Ljava/lang/String;)V+0
v  ~StubRoutines::call_stub

---------------  P R O C E S S  ---------------

Java Threads: ( => current thread )
  0x023e4c00 JavaThread "Service Thread" daemon [_thread_blocked, id=11040, stack(0x049f0000,0x04a40000)]
  0x023e1c00 JavaThread "C1 CompilerThread0" daemon [_thread_blocked, id=6632, stack(0x04960000,0x049b0000)]
  0x023df800 JavaThread "Attach Listener" daemon [_thread_blocked, id=10440, stack(0x048d0000,0x04920000)]
  0x023dd800 JavaThread "Signal Dispatcher" daemon [_thread_blocked, id=896, stack(0x04840000,0x04890000)]
  0x02374400 JavaThread "Finalizer" daemon [_thread_blocked, id=5040, stack(0x047b0000,0x04800000)]
  0x0236f400 JavaThread "Reference Handler" daemon [_thread_blocked, id=9316, stack(0x04720000,0x04770000)]
=>0x00f1c000 JavaThread "main" [_thread_in_vm, id=3700, stack(0x00e90000,0x00ee0000)]

Other Threads:
  0x0236e000 VMThread [stack: 0x04690000,0x046e0000] [id=1444]
  0x02400c00 WatcherThread [stack: 0x04a80000,0x04ad0000] [id=9016]

VM state:not at safepoint (normal execution)

VM Mutex/Monitor currently owned by a thread: None

Heap
 def new generation   total 4928K, used 593K [0x24380000, 0x248d0000, 0x298d0000)
  eden space 4416K,  13% used [0x24380000, 0x24414788, 0x247d0000)
  from space 512K,   0% used [0x247d0000, 0x247d0000, 0x24850000)
  to   space 512K,   0% used [0x24850000, 0x24850000, 0x248d0000)
 tenured generation   total 10944K, used 0K [0x298d0000, 0x2a380000, 0x34380000)
   the space 10944K,   0% used [0x298d0000, 0x298d0000, 0x298d0200, 0x2a380000)
 compacting perm gen  total 12288K, used 120K [0x34380000, 0x34f80000, 0x38380000)
   the space 12288K,   0% used [0x34380000, 0x3439e1f0, 0x3439e200, 0x34f80000)
    ro space 10240K,  41% used [0x38380000, 0x387b2050, 0x387b2200, 0x38d80000)
    rw space 12288K,  52% used [0x38d80000, 0x393c6800, 0x393c6800, 0x39980000)

Card table byte_map: [0x04540000,0x045f0000] byte_map_base: 0x0441e400

Polling page: 0x00ee0000

Code Cache  [0x024c0000, 0x02558000, 0x044c0000)
 total_blobs=140 nmethods=12 adapters=66 free_code_cache=32181Kb largest_free_block=32953600

Compilation events (10 events):
Event: 0.137 Thread 0x023e1c00    7             java.util.concurrent.atomic.AtomicLong::get (5 bytes)
Event: 0.137 Thread 0x023e1c00 nmethod 7 0x02551d08 code [0x02551e00, 0x02551e90]
Event: 0.137 Thread 0x023e1c00    8             java.util.concurrent.atomic.AtomicLong::compareAndSet (13 bytes)
Event: 0.137 Thread 0x023e1c00 nmethod 8 0x02551ec8 code [0x02551fc0, 0x02552060]
Event: 0.137 Thread 0x023e1c00   10             java.util.Random::next (47 bytes)
Event: 0.138 Thread 0x023e1c00 nmethod 10 0x025520c8 code [0x025521c0, 0x02552300]
Event: 0.138 Thread 0x023e1c00   11             java.util.Random::nextDouble (24 bytes)
Event: 0.138 Thread 0x023e1c00 nmethod 11 0x025523c8 code [0x025524f0, 0x02552608]
Event: 0.139 Thread 0x023e1c00   12             Matrix::<init> (61 bytes)
Event: 0.139 Thread 0x023e1c00 nmethod 12 0x02552688 code [0x02552790, 0x02552920]

GC Heap History (0 events):
No events

Deoptimization events (0 events):
No events

Internal exceptions (2 events):
Event: 0.055 Thread 0x00f1c000 Threw 0x24385420 at C:\re\jdk7u51\527\hotspot\src\share\vm\prims\jni.cpp:3991
Event: 0.108 Thread 0x00f1c000 Threw 0x243b9e78 at C:\re\jdk7u51\527\hotspot\src\share\vm\prims\jvm.cpp:1244

Events (10 events):
Event: 0.110 loading class 0x023d68f8
Event: 0.111 loading class 0x023d68f8 done
Event: 0.111 loading class 0x023d6938
Event: 0.111 loading class 0x023d6938 done
Event: 0.112 loading class 0x39a79b88
Event: 0.113 loading class 0x399b39a0
Event: 0.113 loading class 0x399b39a0 done
Event: 0.113 loading class 0x39a79b88 done
Event: 0.117 loading class 0x3998a9a8
Event: 0.117 loading class 0x3998a9a8 done


Dynamic libraries:
0x00f20000 - 0x00f4f000 	C:\Program Files (x86)\Java\jre7\bin\javaw.exe
0x777d0000 - 0x77938000 	C:\windows\SYSTEM32\ntdll.dll
0x75f10000 - 0x76050000 	C:\windows\SYSTEM32\KERNEL32.DLL
0x76050000 - 0x7611f000 	C:\windows\SYSTEM32\KERNELBASE.dll
0x6cc70000 - 0x6cd0a000 	C:\windows\system32\apphelp.dll
0x50940000 - 0x50b93000 	C:\windows\AppPatch\AcGenral.DLL
0x752b0000 - 0x7536e000 	C:\windows\SYSTEM32\msvcrt.dll
0x75c90000 - 0x75cce000 	C:\windows\SYSTEM32\sechost.dll
0x75200000 - 0x7521d000 	C:\windows\SYSTEM32\SspiCli.dll
0x75260000 - 0x752a1000 	C:\windows\SYSTEM32\SHLWAPI.dll
0x73f50000 - 0x7402c000 	C:\windows\SYSTEM32\UxTheme.dll
0x775b0000 - 0x776ff000 	C:\windows\SYSTEM32\USER32.dll
0x75370000 - 0x75478000 	C:\windows\SYSTEM32\GDI32.dll
0x73ea0000 - 0x73ec0000 	C:\windows\SYSTEM32\WINMM.dll
0x6c7b0000 - 0x6c7c2000 	C:\windows\SYSTEM32\samcli.dll
0x756f0000 - 0x757fb000 	C:\windows\SYSTEM32\ole32.dll
0x77520000 - 0x775a7000 	C:\windows\SYSTEM32\OLEAUT32.dll
0x6cdb0000 - 0x6cdc5000 	C:\windows\SYSTEM32\MSACM32.dll
0x71ab0000 - 0x71ab8000 	C:\windows\SYSTEM32\VERSION.dll
0x76360000 - 0x77504000 	C:\windows\SYSTEM32\SHELL32.dll
0x71a90000 - 0x71aa9000 	C:\windows\SYSTEM32\USERENV.dll
0x6f150000 - 0x6f169000 	C:\windows\SYSTEM32\dwmapi.dll
0x74360000 - 0x74484000 	C:\windows\SYSTEM32\urlmon.dll
0x76290000 - 0x76307000 	C:\windows\SYSTEM32\ADVAPI32.dll
0x74030000 - 0x7408e000 	C:\windows\SYSTEM32\WINSPOOL.DRV
0x6c470000 - 0x6c484000 	C:\windows\SYSTEM32\MPR.dll
0x759a0000 - 0x75a51000 	C:\windows\SYSTEM32\RPCRT4.dll
0x751f0000 - 0x751f9000 	C:\windows\SYSTEM32\CRYPTBASE.dll
0x76140000 - 0x7628e000 	C:\windows\SYSTEM32\combase.dll
0x73e80000 - 0x73ea0000 	C:\windows\SYSTEM32\WINMMBASE.dll
0x74640000 - 0x7464e000 	C:\windows\SYSTEM32\profapi.dll
0x748f0000 - 0x74b07000 	C:\windows\SYSTEM32\iertutil.dll
0x74b40000 - 0x74d04000 	C:\windows\SYSTEM32\WININET.dll
0x75190000 - 0x751e1000 	C:\windows\SYSTEM32\bcryptPrimitives.dll
0x75ab0000 - 0x75aea000 	C:\windows\SYSTEM32\cfgmgr32.dll
0x74150000 - 0x7416f000 	C:\windows\SYSTEM32\DEVOBJ.dll
0x74650000 - 0x746c7000 	C:\windows\SYSTEM32\SHCORE.DLL
0x75220000 - 0x75245000 	C:\windows\system32\IMM32.DLL
0x758a0000 - 0x75997000 	C:\windows\SYSTEM32\MSCTF.dll
0x6ce10000 - 0x6cff5000 	C:\windows\WinSxS\x86_microsoft.windows.common-controls_6595b64144ccf1df_6.0.9600.16384_none_a9f4965301334e09\COMCTL32.dll
0x50da0000 - 0x50e5f000 	C:\Program Files (x86)\Java\jre7\bin\msvcr100.dll
0x505c0000 - 0x50940000 	C:\Program Files (x86)\Java\jre7\bin\client\jvm.dll
0x6cac0000 - 0x6cac8000 	C:\windows\SYSTEM32\WSOCK32.dll
0x77510000 - 0x77516000 	C:\windows\SYSTEM32\PSAPI.DLL
0x76310000 - 0x7635d000 	C:\windows\SYSTEM32\WS2_32.dll
0x755d0000 - 0x755d7000 	C:\windows\SYSTEM32\NSI.dll
0x6f790000 - 0x6f79c000 	C:\Program Files (x86)\Java\jre7\bin\verify.dll
0x6cd90000 - 0x6cdb0000 	C:\Program Files (x86)\Java\jre7\bin\java.dll
0x521d0000 - 0x521e3000 	C:\Program Files (x86)\Java\jre7\bin\zip.dll
0x521a0000 - 0x521c3000 	C:\work\workspaces\prcpp\Uebung2\Uebung2.dll
0x504f0000 - 0x505bb000 	C:\windows\SYSTEM32\MSVCP110D.dll
0x50350000 - 0x504eb000 	C:\windows\SYSTEM32\MSVCR110D.dll
0x747a0000 - 0x748e8000 	C:\windows\SYSTEM32\dbghelp.dll

VM Arguments:
jvm_args: -ea -Dfile.encoding=Cp1252 
java_command: Matrix
Launcher Type: SUN_STANDARD

Environment Variables:
JAVA_HOME=C:\work\Java\jdk1.8.0
PATH=C:\Program Files (x86)\Intel\iCLS Client\;C:\Program Files\Intel\iCLS Client\;C:\windows\system32;C:\windows;C:\windows\System32\Wbem;C:\windows\System32\WindowsPowerShell\v1.0\;C:\Program Files\Intel\Intel(R) Management Engine Components\DAL;C:\Program Files\Intel\Intel(R) Management Engine Components\IPT;C:\Program Files (x86)\Intel\Intel(R) Management Engine Components\DAL;C:\Program Files (x86)\Intel\Intel(R) Management Engine Components\IPT;C:\Program Files\Intel\WiFi\bin\;C:\Program Files\Common Files\Intel\WirelessCommon\;C:\ProgramData\Lenovo\ReadyApps;C:\work\Java\apache-tomcat-8.0.3\bin;C:\Program Files\Microsoft\Web Platform Installer\;C:\Program Files (x86)\Microsoft ASP.NET\ASP.NET Web Pages\v1.0\;C:\Program Files (x86)\Windows Kits\8.0\Windows Performance Toolkit\;C:\Program Files\Microsoft SQL Server\110\Tools\Binn\;C:\Program Files\TortoiseSVN\bin;C:\work\Java\jdk1.8.0\bin;C:\work\Java\apache-maven-3.2.1\bin;C:\work\tools
USERNAME=flofank
OS=Windows_NT
PROCESSOR_IDENTIFIER=Intel64 Family 6 Model 69 Stepping 1, GenuineIntel



---------------  S Y S T E M  ---------------

OS: Windows 8 , 64 bit Build 9200 

CPU:total 4 (2 cores per cpu, 2 threads per core) family 6 model 69 stepping 1, cmov, cx8, fxsr, mmx, sse, sse2, sse3, ssse3, sse4.1, sse4.2, popcnt, avx, avx2, aes, erms, ht, tsc, tscinvbit

Memory: 4k page, physical 8297328k(5082876k free), swap 9608048k(5945096k free)

vm_info: Java HotSpot(TM) Client VM (24.51-b03) for windows-x86 JRE (1.7.0_51-b13), built on Dec 18 2013 19:09:58 by "java_re" with unknown MS VC++:1600

time: Sat Apr 12 14:10:26 2014
elapsed time: 0 seconds

